This is pdfTeX, Version 3.141592653-2.6-1.40.24 (TeX Live 2022/Debian) (preloaded format=pdflatex 2025.10.6)  28 DEC 2025 02:07
entering extended mode
 restricted \write18 enabled.
 %&-line parsing enabled.
**scientific_paper_h2_plant.tex
(./scientific_paper_h2_plant.tex
LaTeX2e <2022-11-01> patch level 1
L3 programming layer <2023-01-16>
(/usr/share/texlive/texmf-dist/tex/latex/base/article.cls
Document Class: article 2022/07/02 v1.4n Standard LaTeX document class
(/usr/share/texlive/texmf-dist/tex/latex/base/size10.clo
File: size10.clo 2022/07/02 v1.4n Standard LaTeX file (size option)
)
\c@part=\count185
\c@section=\count186
\c@subsection=\count187
\c@subsubsection=\count188
\c@paragraph=\count189
\c@subparagraph=\count190
\c@figure=\count191
\c@table=\count192
\abovecaptionskip=\skip48
\belowcaptionskip=\skip49
\bibindent=\dimen140
)
(/usr/share/texlive/texmf-dist/tex/latex/base/inputenc.sty
Package: inputenc 2021/02/14 v1.3d Input encoding file
\inpenc@prehook=\toks16
\inpenc@posthook=\toks17
)
(/usr/share/texlive/texmf-dist/tex/latex/amsmath/amsmath.sty
Package: amsmath 2022/04/08 v2.17n AMS math features
\@mathmargin=\skip50

For additional information on amsmath, use the `?' option.
(/usr/share/texlive/texmf-dist/tex/latex/amsmath/amstext.sty
Package: amstext 2021/08/26 v2.01 AMS text

(/usr/share/texlive/texmf-dist/tex/latex/amsmath/amsgen.sty
File: amsgen.sty 1999/11/30 v2.0 generic functions
\@emptytoks=\toks18
\ex@=\dimen141
))
(/usr/share/texlive/texmf-dist/tex/latex/amsmath/amsbsy.sty
Package: amsbsy 1999/11/29 v1.2d Bold Symbols
\pmbraise@=\dimen142
)
(/usr/share/texlive/texmf-dist/tex/latex/amsmath/amsopn.sty
Package: amsopn 2022/04/08 v2.04 operator names
)
\inf@bad=\count193
LaTeX Info: Redefining \frac on input line 234.
\uproot@=\count194
\leftroot@=\count195
LaTeX Info: Redefining \overline on input line 399.
LaTeX Info: Redefining \colon on input line 410.
\classnum@=\count196
\DOTSCASE@=\count197
LaTeX Info: Redefining \ldots on input line 496.
LaTeX Info: Redefining \dots on input line 499.
LaTeX Info: Redefining \cdots on input line 620.
\Mathstrutbox@=\box51
\strutbox@=\box52
LaTeX Info: Redefining \big on input line 722.
LaTeX Info: Redefining \Big on input line 723.
LaTeX Info: Redefining \bigg on input line 724.
LaTeX Info: Redefining \Bigg on input line 725.
\big@size=\dimen143
LaTeX Font Info:    Redeclaring font encoding OML on input line 743.
LaTeX Font Info:    Redeclaring font encoding OMS on input line 744.
\macc@depth=\count198
LaTeX Info: Redefining \bmod on input line 905.
LaTeX Info: Redefining \pmod on input line 910.
LaTeX Info: Redefining \smash on input line 940.
LaTeX Info: Redefining \relbar on input line 970.
LaTeX Info: Redefining \Relbar on input line 971.
\c@MaxMatrixCols=\count199
\dotsspace@=\muskip16
\c@parentequation=\count266
\dspbrk@lvl=\count267
\tag@help=\toks19
\row@=\count268
\column@=\count269
\maxfields@=\count270
\andhelp@=\toks20
\eqnshift@=\dimen144
\alignsep@=\dimen145
\tagshift@=\dimen146
\tagwidth@=\dimen147
\totwidth@=\dimen148
\lineht@=\dimen149
\@envbody=\toks21
\multlinegap=\skip51
\multlinetaggap=\skip52
\mathdisplay@stack=\toks22
LaTeX Info: Redefining \[ on input line 2953.
LaTeX Info: Redefining \] on input line 2954.
)
(/usr/share/texlive/texmf-dist/tex/latex/mathtools/mathtools.sty
Package: mathtools 2022/06/29 v1.29 mathematical typesetting tools

(/usr/share/texlive/texmf-dist/tex/latex/graphics/keyval.sty
Package: keyval 2022/05/29 v1.15 key=value parser (DPC)
\KV@toks@=\toks23
)
(/usr/share/texlive/texmf-dist/tex/latex/tools/calc.sty
Package: calc 2017/05/25 v4.3 Infix arithmetic (KKT,FJ)
\calc@Acount=\count271
\calc@Bcount=\count272
\calc@Adimen=\dimen150
\calc@Bdimen=\dimen151
\calc@Askip=\skip53
\calc@Bskip=\skip54
LaTeX Info: Redefining \setlength on input line 80.
LaTeX Info: Redefining \addtolength on input line 81.
\calc@Ccount=\count273
\calc@Cskip=\skip55
)
(/usr/share/texlive/texmf-dist/tex/latex/mathtools/mhsetup.sty
Package: mhsetup 2021/03/18 v1.4 programming setup (MH)
)
\g_MT_multlinerow_int=\count274
\l_MT_multwidth_dim=\dimen152
\origjot=\skip56
\l_MT_shortvdotswithinadjustabove_dim=\dimen153
\l_MT_shortvdotswithinadjustbelow_dim=\dimen154
\l_MT_above_intertext_sep=\dimen155
\l_MT_below_intertext_sep=\dimen156
\l_MT_above_shortintertext_sep=\dimen157
\l_MT_below_shortintertext_sep=\dimen158
\xmathstrut@box=\box53
\xmathstrut@dim=\dimen159
)
(/usr/share/texlive/texmf-dist/tex/latex/amsfonts/amssymb.sty
Package: amssymb 2013/01/14 v3.01 AMS font symbols

(/usr/share/texlive/texmf-dist/tex/latex/amsfonts/amsfonts.sty
Package: amsfonts 2013/01/14 v3.01 Basic AMSFonts support
\symAMSa=\mathgroup4
\symAMSb=\mathgroup5
LaTeX Font Info:    Redeclaring math symbol \hbar on input line 98.
LaTeX Font Info:    Overwriting math alphabet `\mathfrak' in version `bold'
(Font)                  U/euf/m/n --> U/euf/b/n on input line 106.
))
(/usr/share/texlive/texmf-dist/tex/latex/graphics/graphicx.sty
Package: graphicx 2021/09/16 v1.2d Enhanced LaTeX Graphics (DPC,SPQR)

(/usr/share/texlive/texmf-dist/tex/latex/graphics/graphics.sty
Package: graphics 2022/03/10 v1.4e Standard LaTeX Graphics (DPC,SPQR)

(/usr/share/texlive/texmf-dist/tex/latex/graphics/trig.sty
Package: trig 2021/08/11 v1.11 sin cos tan (DPC)
)
(/usr/share/texlive/texmf-dist/tex/latex/graphics-cfg/graphics.cfg
File: graphics.cfg 2016/06/04 v1.11 sample graphics configuration
)
Package graphics Info: Driver file: pdftex.def on input line 107.

(/usr/share/texlive/texmf-dist/tex/latex/graphics-def/pdftex.def
File: pdftex.def 2022/09/22 v1.2b Graphics/color driver for pdftex
))
\Gin@req@height=\dimen160
\Gin@req@width=\dimen161
)
(/usr/share/texlive/texmf-dist/tex/latex/booktabs/booktabs.sty
Package: booktabs 2020/01/12 v1.61803398 Publication quality tables
\heavyrulewidth=\dimen162
\lightrulewidth=\dimen163
\cmidrulewidth=\dimen164
\belowrulesep=\dimen165
\belowbottomsep=\dimen166
\aboverulesep=\dimen167
\abovetopsep=\dimen168
\cmidrulesep=\dimen169
\cmidrulekern=\dimen170
\defaultaddspace=\dimen171
\@cmidla=\count275
\@cmidlb=\count276
\@aboverulesep=\dimen172
\@belowrulesep=\dimen173
\@thisruleclass=\count277
\@lastruleclass=\count278
\@thisrulewidth=\dimen174
)
(/usr/share/texlive/texmf-dist/tex/latex/hyperref/hyperref.sty
Package: hyperref 2022-11-13 v7.00u Hypertext links for LaTeX

(/usr/share/texlive/texmf-dist/tex/generic/ltxcmds/ltxcmds.sty
Package: ltxcmds 2020-05-10 v1.25 LaTeX kernel commands for general use (HO)
)
(/usr/share/texlive/texmf-dist/tex/generic/iftex/iftex.sty
Package: iftex 2022/02/03 v1.0f TeX engine tests
)
(/usr/share/texlive/texmf-dist/tex/generic/pdftexcmds/pdftexcmds.sty
Package: pdftexcmds 2020-06-27 v0.33 Utility functions of pdfTeX for LuaTeX (HO
)

(/usr/share/texlive/texmf-dist/tex/generic/infwarerr/infwarerr.sty
Package: infwarerr 2019/12/03 v1.5 Providing info/warning/error messages (HO)
)
Package pdftexcmds Info: \pdf@primitive is available.
Package pdftexcmds Info: \pdf@ifprimitive is available.
Package pdftexcmds Info: \pdfdraftmode found.
)
(/usr/share/texlive/texmf-dist/tex/latex/kvsetkeys/kvsetkeys.sty
Package: kvsetkeys 2022-10-05 v1.19 Key value parser (HO)
)
(/usr/share/texlive/texmf-dist/tex/generic/kvdefinekeys/kvdefinekeys.sty
Package: kvdefinekeys 2019-12-19 v1.6 Define keys (HO)
)
(/usr/share/texlive/texmf-dist/tex/generic/pdfescape/pdfescape.sty
Package: pdfescape 2019/12/09 v1.15 Implements pdfTeX's escape features (HO)
)
(/usr/share/texlive/texmf-dist/tex/latex/hycolor/hycolor.sty
Package: hycolor 2020-01-27 v1.10 Color options for hyperref/bookmark (HO)
)
(/usr/share/texlive/texmf-dist/tex/latex/letltxmacro/letltxmacro.sty
Package: letltxmacro 2019/12/03 v1.6 Let assignment for LaTeX macros (HO)
)
(/usr/share/texlive/texmf-dist/tex/latex/auxhook/auxhook.sty
Package: auxhook 2019-12-17 v1.6 Hooks for auxiliary files (HO)
)
(/usr/share/texlive/texmf-dist/tex/latex/hyperref/nameref.sty
Package: nameref 2022-05-17 v2.50 Cross-referencing by name of section

(/usr/share/texlive/texmf-dist/tex/latex/refcount/refcount.sty
Package: refcount 2019/12/15 v3.6 Data extraction from label references (HO)
)
(/usr/share/texlive/texmf-dist/tex/generic/gettitlestring/gettitlestring.sty
Package: gettitlestring 2019/12/15 v1.6 Cleanup title references (HO)

(/usr/share/texlive/texmf-dist/tex/latex/kvoptions/kvoptions.sty
Package: kvoptions 2022-06-15 v3.15 Key value format for package options (HO)
))
\c@section@level=\count279
)
\@linkdim=\dimen175
\Hy@linkcounter=\count280
\Hy@pagecounter=\count281

(/usr/share/texlive/texmf-dist/tex/latex/hyperref/pd1enc.def
File: pd1enc.def 2022-11-13 v7.00u Hyperref: PDFDocEncoding definition (HO)
Now handling font encoding PD1 ...
... no UTF-8 mapping file for font encoding PD1
)
(/usr/share/texlive/texmf-dist/tex/generic/intcalc/intcalc.sty
Package: intcalc 2019/12/15 v1.3 Expandable calculations with integers (HO)
)
(/usr/share/texlive/texmf-dist/tex/generic/etexcmds/etexcmds.sty
Package: etexcmds 2019/12/15 v1.7 Avoid name clashes with e-TeX commands (HO)
)
\Hy@SavedSpaceFactor=\count282

(/usr/share/texlive/texmf-dist/tex/latex/hyperref/puenc.def
File: puenc.def 2022-11-13 v7.00u Hyperref: PDF Unicode definition (HO)
Now handling font encoding PU ...
... no UTF-8 mapping file for font encoding PU
)
Package hyperref Info: Hyper figures OFF on input line 4162.
Package hyperref Info: Link nesting OFF on input line 4167.
Package hyperref Info: Hyper index ON on input line 4170.
Package hyperref Info: Plain pages OFF on input line 4177.
Package hyperref Info: Backreferencing OFF on input line 4182.
Package hyperref Info: Implicit mode ON; LaTeX internals redefined.
Package hyperref Info: Bookmarks ON on input line 4410.
\c@Hy@tempcnt=\count283

(/usr/share/texlive/texmf-dist/tex/latex/url/url.sty
\Urlmuskip=\muskip17
Package: url 2013/09/16  ver 3.4  Verb mode for urls, etc.
)
LaTeX Info: Redefining \url on input line 4748.
\XeTeXLinkMargin=\dimen176

(/usr/share/texlive/texmf-dist/tex/generic/bitset/bitset.sty
Package: bitset 2019/12/09 v1.3 Handle bit-vector datatype (HO)

(/usr/share/texlive/texmf-dist/tex/generic/bigintcalc/bigintcalc.sty
Package: bigintcalc 2019/12/15 v1.5 Expandable calculations on big integers (HO
)
))
\Fld@menulength=\count284
\Field@Width=\dimen177
\Fld@charsize=\dimen178
Package hyperref Info: Hyper figures OFF on input line 6027.
Package hyperref Info: Link nesting OFF on input line 6032.
Package hyperref Info: Hyper index ON on input line 6035.
Package hyperref Info: backreferencing OFF on input line 6042.
Package hyperref Info: Link coloring OFF on input line 6047.
Package hyperref Info: Link coloring with OCG OFF on input line 6052.
Package hyperref Info: PDF/A mode OFF on input line 6057.

(/usr/share/texlive/texmf-dist/tex/latex/base/atbegshi-ltx.sty
Package: atbegshi-ltx 2021/01/10 v1.0c Emulation of the original atbegshi
package with kernel methods
)
\Hy@abspage=\count285
\c@Item=\count286
\c@Hfootnote=\count287
)
Package hyperref Info: Driver (autodetected): hpdftex.

(/usr/share/texlive/texmf-dist/tex/latex/hyperref/hpdftex.def
File: hpdftex.def 2022-11-13 v7.00u Hyperref driver for pdfTeX

(/usr/share/texlive/texmf-dist/tex/latex/base/atveryend-ltx.sty
Package: atveryend-ltx 2020/08/19 v1.0a Emulation of the original atveryend pac
kage
with kernel methods
)
\Fld@listcount=\count288
\c@bookmark@seq@number=\count289

(/usr/share/texlive/texmf-dist/tex/latex/rerunfilecheck/rerunfilecheck.sty
Package: rerunfilecheck 2022-07-10 v1.10 Rerun checks for auxiliary files (HO)

(/usr/share/texlive/texmf-dist/tex/generic/uniquecounter/uniquecounter.sty
Package: uniquecounter 2019/12/15 v1.4 Provide unlimited unique counter (HO)
)
Package uniquecounter Info: New unique counter `rerunfilecheck' on input line 2
85.
)
\Hy@SectionHShift=\skip57
)
(/usr/share/texlive/texmf-dist/tex/latex/float/float.sty
Package: float 2001/11/08 v1.3d Float enhancements (AL)
\c@float@type=\count290
\float@exts=\toks24
\float@box=\box54
\@float@everytoks=\toks25
\@floatcapt=\box55
)
(/usr/share/texlive/texmf-dist/tex/latex/listings/listings.sty
\lst@mode=\count291
\lst@gtempboxa=\box56
\lst@token=\toks26
\lst@length=\count292
\lst@currlwidth=\dimen179
\lst@column=\count293
\lst@pos=\count294
\lst@lostspace=\dimen180
\lst@width=\dimen181
\lst@newlines=\count295
\lst@lineno=\count296
\lst@maxwidth=\dimen182

(/usr/share/texlive/texmf-dist/tex/latex/listings/lstmisc.sty
File: lstmisc.sty 2020/03/24 1.8d (Carsten Heinz)
\c@lstnumber=\count297
\lst@skipnumbers=\count298
\lst@framebox=\box57
)
(/usr/share/texlive/texmf-dist/tex/latex/listings/listings.cfg
File: listings.cfg 2020/03/24 1.8d listings configuration
))
Package: listings 2020/03/24 1.8d (Carsten Heinz)

(/usr/share/texlive/texmf-dist/tex/latex/xcolor/xcolor.sty
Package: xcolor 2022/06/12 v2.14 LaTeX color extensions (UK)

(/usr/share/texlive/texmf-dist/tex/latex/graphics-cfg/color.cfg
File: color.cfg 2016/01/02 v1.6 sample color configuration
)
Package xcolor Info: Driver file: pdftex.def on input line 227.

(/usr/share/texlive/texmf-dist/tex/latex/graphics/mathcolor.ltx)
Package xcolor Info: Model `cmy' substituted by `cmy0' on input line 1353.
Package xcolor Info: Model `hsb' substituted by `rgb' on input line 1357.
Package xcolor Info: Model `RGB' extended on input line 1369.
Package xcolor Info: Model `HTML' substituted by `rgb' on input line 1371.
Package xcolor Info: Model `Hsb' substituted by `hsb' on input line 1372.
Package xcolor Info: Model `tHsb' substituted by `hsb' on input line 1373.
Package xcolor Info: Model `HSB' substituted by `hsb' on input line 1374.
Package xcolor Info: Model `Gray' substituted by `gray' on input line 1375.
Package xcolor Info: Model `wave' substituted by `hsb' on input line 1376.
)
(/usr/share/texlive/texmf-dist/tex/latex/geometry/geometry.sty
Package: geometry 2020/01/02 v5.9 Page Geometry

(/usr/share/texlive/texmf-dist/tex/generic/iftex/ifvtex.sty
Package: ifvtex 2019/10/25 v1.7 ifvtex legacy package. Use iftex instead.
)
\Gm@cnth=\count299
\Gm@cntv=\count300
\c@Gm@tempcnt=\count301
\Gm@bindingoffset=\dimen183
\Gm@wd@mp=\dimen184
\Gm@odd@mp=\dimen185
\Gm@even@mp=\dimen186
\Gm@layoutwidth=\dimen187
\Gm@layoutheight=\dimen188
\Gm@layouthoffset=\dimen189
\Gm@layoutvoffset=\dimen190
\Gm@dimlist=\toks27
)
(/usr/share/texlive/texmf-dist/tex/latex/siunitx/siunitx.sty
Package: siunitx 2023-01-03 v3.2.0 A comprehensive (SI) units package
\l__siunitx_angle_tmp_dim=\dimen191
\l__siunitx_angle_marker_box=\box58
\l__siunitx_angle_unit_box=\box59
\l__siunitx_compound_count_int=\count302

(/usr/share/texlive/texmf-dist/tex/latex/translations/translations.sty
Package: translations 2022/02/05 v1.12 internationalization of LaTeX2e packages
 (CN)

(/usr/share/texlive/texmf-dist/tex/latex/etoolbox/etoolbox.sty
Package: etoolbox 2020/10/05 v2.5k e-TeX tools for LaTeX (JAW)
\etb@tempcnta=\count303
))
\l__siunitx_number_exponent_fixed_int=\count304
\l__siunitx_number_min_decimal_int=\count305
\l__siunitx_number_min_integer_int=\count306
\l__siunitx_number_round_precision_int=\count307
\l__siunitx_number_lower_threshold_int=\count308
\l__siunitx_number_upper_threshold_int=\count309
\l__siunitx_number_group_first_int=\count310
\l__siunitx_number_group_size_int=\count311
\l__siunitx_number_group_minimum_int=\count312
\l__siunitx_table_tmp_box=\box60
\l__siunitx_table_tmp_dim=\dimen192
\l__siunitx_table_column_width_dim=\dimen193
\l__siunitx_table_integer_box=\box61
\l__siunitx_table_decimal_box=\box62
\l__siunitx_table_uncert_box=\box63
\l__siunitx_table_before_box=\box64
\l__siunitx_table_after_box=\box65
\l__siunitx_table_before_dim=\dimen194
\l__siunitx_table_carry_dim=\dimen195
\l__siunitx_unit_tmp_int=\count313
\l__siunitx_unit_position_int=\count314
\l__siunitx_unit_total_int=\count315

(/usr/share/texlive/texmf-dist/tex/latex/tools/array.sty
Package: array 2022/09/04 v2.5g Tabular extension package (FMi)
\col@sep=\dimen196
\ar@mcellbox=\box66
\extrarowheight=\dimen197
\NC@list=\toks28
\extratabsurround=\skip58
\backup@length=\skip59
\ar@cellbox=\box67
))
(/usr/share/texlive/texmf-dist/tex/latex/pgf/frontendlayer/tikz.sty
(/usr/share/texlive/texmf-dist/tex/latex/pgf/basiclayer/pgf.sty
(/usr/share/texlive/texmf-dist/tex/latex/pgf/utilities/pgfrcs.sty
(/usr/share/texlive/texmf-dist/tex/generic/pgf/utilities/pgfutil-common.tex
\pgfutil@everybye=\toks29
\pgfutil@tempdima=\dimen198
\pgfutil@tempdimb=\dimen199
)
(/usr/share/texlive/texmf-dist/tex/generic/pgf/utilities/pgfutil-latex.def
\pgfutil@abb=\box68
)
(/usr/share/texlive/texmf-dist/tex/generic/pgf/utilities/pgfrcs.code.tex
(/usr/share/texlive/texmf-dist/tex/generic/pgf/pgf.revision.tex)
Package: pgfrcs 2023-01-15 v3.1.10 (3.1.10)
))
Package: pgf 2023-01-15 v3.1.10 (3.1.10)

(/usr/share/texlive/texmf-dist/tex/latex/pgf/basiclayer/pgfcore.sty
(/usr/share/texlive/texmf-dist/tex/latex/pgf/systemlayer/pgfsys.sty
(/usr/share/texlive/texmf-dist/tex/generic/pgf/systemlayer/pgfsys.code.tex
Package: pgfsys 2023-01-15 v3.1.10 (3.1.10)

(/usr/share/texlive/texmf-dist/tex/generic/pgf/utilities/pgfkeys.code.tex
\pgfkeys@pathtoks=\toks30
\pgfkeys@temptoks=\toks31

(/usr/share/texlive/texmf-dist/tex/generic/pgf/utilities/pgfkeyslibraryfiltered
.code.tex
\pgfkeys@tmptoks=\toks32
))
\pgf@x=\dimen256
\pgf@y=\dimen257
\pgf@xa=\dimen258
\pgf@ya=\dimen259
\pgf@xb=\dimen260
\pgf@yb=\dimen261
\pgf@xc=\dimen262
\pgf@yc=\dimen263
\pgf@xd=\dimen264
\pgf@yd=\dimen265
\w@pgf@writea=\write3
\r@pgf@reada=\read2
\c@pgf@counta=\count316
\c@pgf@countb=\count317
\c@pgf@countc=\count318
\c@pgf@countd=\count319
\t@pgf@toka=\toks33
\t@pgf@tokb=\toks34
\t@pgf@tokc=\toks35
\pgf@sys@id@count=\count320
 (/usr/share/texlive/texmf-dist/tex/generic/pgf/systemlayer/pgf.cfg
File: pgf.cfg 2023-01-15 v3.1.10 (3.1.10)
)
Driver file for pgf: pgfsys-pdftex.def
(/usr/share/texlive/texmf-dist/tex/generic/pgf/systemlayer/pgfsys-pdftex.def
File: pgfsys-pdftex.def 2023-01-15 v3.1.10 (3.1.10)

(/usr/share/texlive/texmf-dist/tex/generic/pgf/systemlayer/pgfsys-common-pdf.de
f
File: pgfsys-common-pdf.def 2023-01-15 v3.1.10 (3.1.10)
)))
(/usr/share/texlive/texmf-dist/tex/generic/pgf/systemlayer/pgfsyssoftpath.code.
tex
File: pgfsyssoftpath.code.tex 2023-01-15 v3.1.10 (3.1.10)
\pgfsyssoftpath@smallbuffer@items=\count321
\pgfsyssoftpath@bigbuffer@items=\count322
)
(/usr/share/texlive/texmf-dist/tex/generic/pgf/systemlayer/pgfsysprotocol.code.
tex
File: pgfsysprotocol.code.tex 2023-01-15 v3.1.10 (3.1.10)
))
(/usr/share/texlive/texmf-dist/tex/generic/pgf/basiclayer/pgfcore.code.tex
Package: pgfcore 2023-01-15 v3.1.10 (3.1.10)

(/usr/share/texlive/texmf-dist/tex/generic/pgf/math/pgfmath.code.tex
(/usr/share/texlive/texmf-dist/tex/generic/pgf/math/pgfmathutil.code.tex)
(/usr/share/texlive/texmf-dist/tex/generic/pgf/math/pgfmathparser.code.tex
\pgfmath@dimen=\dimen266
\pgfmath@count=\count323
\pgfmath@box=\box69
\pgfmath@toks=\toks36
\pgfmath@stack@operand=\toks37
\pgfmath@stack@operation=\toks38
)
(/usr/share/texlive/texmf-dist/tex/generic/pgf/math/pgfmathfunctions.code.tex)
(/usr/share/texlive/texmf-dist/tex/generic/pgf/math/pgfmathfunctions.basic.code
.tex)
(/usr/share/texlive/texmf-dist/tex/generic/pgf/math/pgfmathfunctions.trigonomet
ric.code.tex)
(/usr/share/texlive/texmf-dist/tex/generic/pgf/math/pgfmathfunctions.random.cod
e.tex)
(/usr/share/texlive/texmf-dist/tex/generic/pgf/math/pgfmathfunctions.comparison
.code.tex)
(/usr/share/texlive/texmf-dist/tex/generic/pgf/math/pgfmathfunctions.base.code.
tex)
(/usr/share/texlive/texmf-dist/tex/generic/pgf/math/pgfmathfunctions.round.code
.tex)
(/usr/share/texlive/texmf-dist/tex/generic/pgf/math/pgfmathfunctions.misc.code.
tex)
(/usr/share/texlive/texmf-dist/tex/generic/pgf/math/pgfmathfunctions.integerari
thmetics.code.tex)
(/usr/share/texlive/texmf-dist/tex/generic/pgf/math/pgfmathcalc.code.tex)
(/usr/share/texlive/texmf-dist/tex/generic/pgf/math/pgfmathfloat.code.tex
\c@pgfmathroundto@lastzeros=\count324
))
(/usr/share/texlive/texmf-dist/tex/generic/pgf/math/pgfint.code.tex)
(/usr/share/texlive/texmf-dist/tex/generic/pgf/basiclayer/pgfcorepoints.code.te
x
File: pgfcorepoints.code.tex 2023-01-15 v3.1.10 (3.1.10)
\pgf@picminx=\dimen267
\pgf@picmaxx=\dimen268
\pgf@picminy=\dimen269
\pgf@picmaxy=\dimen270
\pgf@pathminx=\dimen271
\pgf@pathmaxx=\dimen272
\pgf@pathminy=\dimen273
\pgf@pathmaxy=\dimen274
\pgf@xx=\dimen275
\pgf@xy=\dimen276
\pgf@yx=\dimen277
\pgf@yy=\dimen278
\pgf@zx=\dimen279
\pgf@zy=\dimen280
)
(/usr/share/texlive/texmf-dist/tex/generic/pgf/basiclayer/pgfcorepathconstruct.
code.tex
File: pgfcorepathconstruct.code.tex 2023-01-15 v3.1.10 (3.1.10)
\pgf@path@lastx=\dimen281
\pgf@path@lasty=\dimen282
)
(/usr/share/texlive/texmf-dist/tex/generic/pgf/basiclayer/pgfcorepathusage.code
.tex
File: pgfcorepathusage.code.tex 2023-01-15 v3.1.10 (3.1.10)
\pgf@shorten@end@additional=\dimen283
\pgf@shorten@start@additional=\dimen284
)
(/usr/share/texlive/texmf-dist/tex/generic/pgf/basiclayer/pgfcorescopes.code.te
x
File: pgfcorescopes.code.tex 2023-01-15 v3.1.10 (3.1.10)
\pgfpic=\box70
\pgf@hbox=\box71
\pgf@layerbox@main=\box72
\pgf@picture@serial@count=\count325
)
(/usr/share/texlive/texmf-dist/tex/generic/pgf/basiclayer/pgfcoregraphicstate.c
ode.tex
File: pgfcoregraphicstate.code.tex 2023-01-15 v3.1.10 (3.1.10)
\pgflinewidth=\dimen285
)
(/usr/share/texlive/texmf-dist/tex/generic/pgf/basiclayer/pgfcoretransformation
s.code.tex
File: pgfcoretransformations.code.tex 2023-01-15 v3.1.10 (3.1.10)
\pgf@pt@x=\dimen286
\pgf@pt@y=\dimen287
\pgf@pt@temp=\dimen288
)
(/usr/share/texlive/texmf-dist/tex/generic/pgf/basiclayer/pgfcorequick.code.tex
File: pgfcorequick.code.tex 2023-01-15 v3.1.10 (3.1.10)
)
(/usr/share/texlive/texmf-dist/tex/generic/pgf/basiclayer/pgfcoreobjects.code.t
ex
File: pgfcoreobjects.code.tex 2023-01-15 v3.1.10 (3.1.10)
)
(/usr/share/texlive/texmf-dist/tex/generic/pgf/basiclayer/pgfcorepathprocessing
.code.tex
File: pgfcorepathprocessing.code.tex 2023-01-15 v3.1.10 (3.1.10)
)
(/usr/share/texlive/texmf-dist/tex/generic/pgf/basiclayer/pgfcorearrows.code.te
x
File: pgfcorearrows.code.tex 2023-01-15 v3.1.10 (3.1.10)
\pgfarrowsep=\dimen289
)
(/usr/share/texlive/texmf-dist/tex/generic/pgf/basiclayer/pgfcoreshade.code.tex
File: pgfcoreshade.code.tex 2023-01-15 v3.1.10 (3.1.10)
\pgf@max=\dimen290
\pgf@sys@shading@range@num=\count326
\pgf@shadingcount=\count327
)
(/usr/share/texlive/texmf-dist/tex/generic/pgf/basiclayer/pgfcoreimage.code.tex
File: pgfcoreimage.code.tex 2023-01-15 v3.1.10 (3.1.10)
)
(/usr/share/texlive/texmf-dist/tex/generic/pgf/basiclayer/pgfcoreexternal.code.
tex
File: pgfcoreexternal.code.tex 2023-01-15 v3.1.10 (3.1.10)
\pgfexternal@startupbox=\box73
)
(/usr/share/texlive/texmf-dist/tex/generic/pgf/basiclayer/pgfcorelayers.code.te
x
File: pgfcorelayers.code.tex 2023-01-15 v3.1.10 (3.1.10)
)
(/usr/share/texlive/texmf-dist/tex/generic/pgf/basiclayer/pgfcoretransparency.c
ode.tex
File: pgfcoretransparency.code.tex 2023-01-15 v3.1.10 (3.1.10)
)
(/usr/share/texlive/texmf-dist/tex/generic/pgf/basiclayer/pgfcorepatterns.code.
tex
File: pgfcorepatterns.code.tex 2023-01-15 v3.1.10 (3.1.10)
)
(/usr/share/texlive/texmf-dist/tex/generic/pgf/basiclayer/pgfcorerdf.code.tex
File: pgfcorerdf.code.tex 2023-01-15 v3.1.10 (3.1.10)
)))
(/usr/share/texlive/texmf-dist/tex/generic/pgf/modules/pgfmoduleshapes.code.tex
File: pgfmoduleshapes.code.tex 2023-01-15 v3.1.10 (3.1.10)
\pgfnodeparttextbox=\box74
) (/usr/share/texlive/texmf-dist/tex/generic/pgf/modules/pgfmoduleplot.code.tex
File: pgfmoduleplot.code.tex 2023-01-15 v3.1.10 (3.1.10)
)
(/usr/share/texlive/texmf-dist/tex/latex/pgf/compatibility/pgfcomp-version-0-65
.sty
Package: pgfcomp-version-0-65 2023-01-15 v3.1.10 (3.1.10)
\pgf@nodesepstart=\dimen291
\pgf@nodesepend=\dimen292
)
(/usr/share/texlive/texmf-dist/tex/latex/pgf/compatibility/pgfcomp-version-1-18
.sty
Package: pgfcomp-version-1-18 2023-01-15 v3.1.10 (3.1.10)
)) (/usr/share/texlive/texmf-dist/tex/latex/pgf/utilities/pgffor.sty
(/usr/share/texlive/texmf-dist/tex/latex/pgf/utilities/pgfkeys.sty
(/usr/share/texlive/texmf-dist/tex/generic/pgf/utilities/pgfkeys.code.tex))
(/usr/share/texlive/texmf-dist/tex/latex/pgf/math/pgfmath.sty
(/usr/share/texlive/texmf-dist/tex/generic/pgf/math/pgfmath.code.tex))
(/usr/share/texlive/texmf-dist/tex/generic/pgf/utilities/pgffor.code.tex
Package: pgffor 2023-01-15 v3.1.10 (3.1.10)
\pgffor@iter=\dimen293
\pgffor@skip=\dimen294
\pgffor@stack=\toks39
\pgffor@toks=\toks40
))
(/usr/share/texlive/texmf-dist/tex/generic/pgf/frontendlayer/tikz/tikz.code.tex
Package: tikz 2023-01-15 v3.1.10 (3.1.10)

(/usr/share/texlive/texmf-dist/tex/generic/pgf/libraries/pgflibraryplothandlers
.code.tex
File: pgflibraryplothandlers.code.tex 2023-01-15 v3.1.10 (3.1.10)
\pgf@plot@mark@count=\count328
\pgfplotmarksize=\dimen295
)
\tikz@lastx=\dimen296
\tikz@lasty=\dimen297
\tikz@lastxsaved=\dimen298
\tikz@lastysaved=\dimen299
\tikz@lastmovetox=\dimen300
\tikz@lastmovetoy=\dimen301
\tikzleveldistance=\dimen302
\tikzsiblingdistance=\dimen303
\tikz@figbox=\box75
\tikz@figbox@bg=\box76
\tikz@tempbox=\box77
\tikz@tempbox@bg=\box78
\tikztreelevel=\count329
\tikznumberofchildren=\count330
\tikznumberofcurrentchild=\count331
\tikz@fig@count=\count332

(/usr/share/texlive/texmf-dist/tex/generic/pgf/modules/pgfmodulematrix.code.tex
File: pgfmodulematrix.code.tex 2023-01-15 v3.1.10 (3.1.10)
\pgfmatrixcurrentrow=\count333
\pgfmatrixcurrentcolumn=\count334
\pgf@matrix@numberofcolumns=\count335
)
\tikz@expandcount=\count336

(/usr/share/texlive/texmf-dist/tex/generic/pgf/frontendlayer/tikz/libraries/tik
zlibrarytopaths.code.tex
File: tikzlibrarytopaths.code.tex 2023-01-15 v3.1.10 (3.1.10)
)))
(/usr/share/texlive/texmf-dist/tex/generic/pgf/frontendlayer/tikz/libraries/tik
zlibraryshapes.geometric.code.tex
File: tikzlibraryshapes.geometric.code.tex 2023-01-15 v3.1.10 (3.1.10)

(/usr/share/texlive/texmf-dist/tex/generic/pgf/libraries/shapes/pgflibraryshape
s.geometric.code.tex
File: pgflibraryshapes.geometric.code.tex 2023-01-15 v3.1.10 (3.1.10)
))
(/usr/share/texlive/texmf-dist/tex/generic/pgf/libraries/pgflibraryarrows.meta.
code.tex
File: pgflibraryarrows.meta.code.tex 2023-01-15 v3.1.10 (3.1.10)
\pgfarrowinset=\dimen304
\pgfarrowlength=\dimen305
\pgfarrowwidth=\dimen306
\pgfarrowlinewidth=\dimen307
)
(/usr/share/texlive/texmf-dist/tex/generic/pgf/frontendlayer/tikz/libraries/tik
zlibrarypositioning.code.tex
File: tikzlibrarypositioning.code.tex 2023-01-15 v3.1.10 (3.1.10)
)
(/usr/share/texlive/texmf-dist/tex/generic/pgf/frontendlayer/tikz/libraries/tik
zlibraryfit.code.tex
File: tikzlibraryfit.code.tex 2023-01-15 v3.1.10 (3.1.10)
)
(/usr/share/texlive/texmf-dist/tex/generic/pgf/frontendlayer/tikz/libraries/tik
zlibrarybackgrounds.code.tex
File: tikzlibrarybackgrounds.code.tex 2023-01-15 v3.1.10 (3.1.10)
\pgf@layerbox@background=\box79
\pgf@layerboxsaved@background=\box80
)
(/usr/share/texlive/texmf-dist/tex/latex/listings/lstlang1.sty
File: lstlang1.sty 2020/03/24 1.8d listings language file
)
Package translations Info: No language package found. I am going to use `englis
h' as default language. on input line 55.

(/usr/share/texlive/texmf-dist/tex/latex/l3backend/l3backend-pdftex.def
File: l3backend-pdftex.def 2023-01-16 L3 backend support: PDF output (pdfTeX)
\l__color_backend_stack_int=\count337
\l__pdf_internal_box=\box81
)
(./scientific_paper_h2_plant.aux)
\openout1 = `scientific_paper_h2_plant.aux'.

LaTeX Font Info:    Checking defaults for OML/cmm/m/it on input line 55.
LaTeX Font Info:    ... okay on input line 55.
LaTeX Font Info:    Checking defaults for OMS/cmsy/m/n on input line 55.
LaTeX Font Info:    ... okay on input line 55.
LaTeX Font Info:    Checking defaults for OT1/cmr/m/n on input line 55.
LaTeX Font Info:    ... okay on input line 55.
LaTeX Font Info:    Checking defaults for T1/cmr/m/n on input line 55.
LaTeX Font Info:    ... okay on input line 55.
LaTeX Font Info:    Checking defaults for TS1/cmr/m/n on input line 55.
LaTeX Font Info:    ... okay on input line 55.
LaTeX Font Info:    Checking defaults for OMX/cmex/m/n on input line 55.
LaTeX Font Info:    ... okay on input line 55.
LaTeX Font Info:    Checking defaults for U/cmr/m/n on input line 55.
LaTeX Font Info:    ... okay on input line 55.
LaTeX Font Info:    Checking defaults for PD1/pdf/m/n on input line 55.
LaTeX Font Info:    ... okay on input line 55.
LaTeX Font Info:    Checking defaults for PU/pdf/m/n on input line 55.
LaTeX Font Info:    ... okay on input line 55.

(/usr/share/texlive/texmf-dist/tex/context/base/mkii/supp-pdf.mkii
[Loading MPS to PDF converter (version 2006.09.02).]
\scratchcounter=\count338
\scratchdimen=\dimen308
\scratchbox=\box82
\nofMPsegments=\count339
\nofMParguments=\count340
\everyMPshowfont=\toks41
\MPscratchCnt=\count341
\MPscratchDim=\dimen309
\MPnumerator=\count342
\makeMPintoPDFobject=\count343
\everyMPtoPDFconversion=\toks42
) (/usr/share/texlive/texmf-dist/tex/latex/epstopdf-pkg/epstopdf-base.sty
Package: epstopdf-base 2020-01-24 v2.11 Base part for package epstopdf
Package epstopdf-base Info: Redefining graphics rule for `.eps' on input line 4
85.

(/usr/share/texlive/texmf-dist/tex/latex/latexconfig/epstopdf-sys.cfg
File: epstopdf-sys.cfg 2010/07/13 v1.3 Configuration of (r)epstopdf for TeX Liv
e
))
Package hyperref Info: Link coloring OFF on input line 55.

(./scientific_paper_h2_plant.out) (./scientific_paper_h2_plant.out)
\@outlinefile=\write4
\openout4 = `scientific_paper_h2_plant.out'.

\c@lstlisting=\count344

*geometry* driver: auto-detecting
*geometry* detected driver: pdftex
*geometry* verbose mode - [ preamble ] result:
* driver: pdftex
* paper: a4paper
* layout: <same size as paper>
* layoutoffset:(h,v)=(0.0pt,0.0pt)
* modes: 
* h-part:(L,W,R)=(56.9055pt, 483.69687pt, 56.9055pt)
* v-part:(T,H,B)=(56.9055pt, 731.23584pt, 56.9055pt)
* \paperwidth=597.50787pt
* \paperheight=845.04684pt
* \textwidth=483.69687pt
* \textheight=731.23584pt
* \oddsidemargin=-15.36449pt
* \evensidemargin=-15.36449pt
* \topmargin=-52.36449pt
* \headheight=12.0pt
* \headsep=25.0pt
* \topskip=10.0pt
* \footskip=30.0pt
* \marginparwidth=4.0pt
* \marginparsep=10.0pt
* \columnsep=10.0pt
* \skip\footins=9.0pt plus 4.0pt minus 2.0pt
* \hoffset=0.0pt
* \voffset=0.0pt
* \mag=1000
* \@twocolumntrue
* \@twosidefalse
* \@mparswitchfalse
* \@reversemarginfalse
* (1in=72.27pt=25.4mm, 1cm=28.453pt)


(/usr/share/texlive/texmf-dist/tex/latex/translations/translations-basic-dictio
nary-english.trsl
File: translations-basic-dictionary-english.trsl (english translation file `tra
nslations-basic-dictionary')
)
Package translations Info: loading dictionary `translations-basic-dictionary' f
or `english'. on input line 55.
LaTeX Font Info:    Trying to load font information for U+msa on input line 58.

 (/usr/share/texlive/texmf-dist/tex/latex/amsfonts/umsa.fd
File: umsa.fd 2013/01/14 v3.01 AMS symbols A
)
LaTeX Font Info:    Trying to load font information for U+msb on input line 58.


(/usr/share/texlive/texmf-dist/tex/latex/amsfonts/umsb.fd
File: umsb.fd 2013/01/14 v3.01 AMS symbols B
)
Overfull \hbox (49.52711pt too wide) in paragraph at lines 80--132
 [][] 
 []


Underfull \vbox (badness 10000) has occurred while \output is active []

 [1{/var/lib/texmf/fonts/map/pdftex/updmap/pdftex.map}


]
Underfull \hbox (badness 10000) in paragraph at lines 167--168
[]\OT1/cmr/bx/n/10 Environment Man-ager\OT1/cmr/m/n/10 : Time-series en-
 []


Underfull \hbox (badness 10000) in paragraph at lines 167--168
\OT1/cmr/m/n/10 vi-ron-men-tal data (wind power avail-abil-ity
 []


Underfull \hbox (badness 4634) in paragraph at lines 167--168
\OT1/cmr/m/n/10 from \OT1/cmtt/m/n/10 wind[]data.csv\OT1/cmr/m/n/10 , elec-tric
-ity prices from
 []


Underfull \hbox (badness 10000) in paragraph at lines 202--203
[]|\OT1/cmtt/m/n/10 Component\OT1/cmr/m/n/10 , \OT1/cmtt/m/n/10 Stream\OT1/cmr/
m/n/10 ,
 []


Underfull \hbox (badness 10000) in paragraph at lines 203--204
[]|\OT1/cmtt/m/n/10 LUTManager\OT1/cmr/m/n/10 ,
 []


Underfull \hbox (badness 6758) in paragraph at lines 204--205
[]|\OT1/cmr/m/n/10 50+ physics mod-els
 []


Underfull \hbox (badness 10000) in paragraph at lines 205--206
[]|\OT1/cmtt/m/n/10 PlantGraphBuilder\OT1/cmr/m/n/10 ,
 []


Underfull \hbox (badness 10000) in paragraph at lines 206--207
[]|\OT1/cmtt/m/n/10 SimulationEngine\OT1/cmr/m/n/10 ,
 []


Underfull \hbox (badness 10000) in paragraph at lines 207--208
[]|\OT1/cmr/m/n/10 PySide6 ed-i-tors,
 []

Package hyperref Info: bookmark level for unknown lstlisting defaults to 0 on i
nput line 219.
[2
pdfTeX warning (ext4): destination with the same identifier (name{table.1}) has
 been already used, duplicate ignored
<argument> ...shipout:D \box_use:N \l_shipout_box 
                                                  \__shipout_drop_firstpage_...
l.230     @abstractmethod
                         ]
Underfull \hbox (badness 1331) in paragraph at lines 238--239
[]\OT1/cmr/bx/n/10 Stepping Phase\OT1/cmr/m/n/10 : Called ev-ery timestep with
 []


Underfull \hbox (badness 1418) in paragraph at lines 244--245
\OT1/cmr/m/n/10 The ar-chi-tec-ture im-ple-ments dis-tinct pat-terns for
 []


Underfull \hbox (badness 1953) in paragraph at lines 246--246
[]\OT1/cmr/bx/n/10 Push Ar-chi-tec-ture (Stream Prop-a-ga-
 []


Underfull \hbox (badness 3679) in paragraph at lines 316--317
\OT1/cmr/m/n/10 The \OT1/cmtt/m/n/10 SimulationEngine \OT1/cmr/m/n/10 does not 
merely it-er-ate
 []


Underfull \hbox (badness 10000) in paragraph at lines 323--324
 []\OT1/cmr/bx/n/10 Phase 1: De-ci-sion (Pre-Step)[] \OT1/cmr/m/n/10 The
 []


Underfull \hbox (badness 10000) in paragraph at lines 323--324
\OT1/cmtt/m/n/10 EngineDispatchStrategy \OT1/cmr/m/n/10 an-a-lyzes cur-rent
 []


Underfull \hbox (badness 3148) in paragraph at lines 323--324
\OT1/cmr/m/n/10 conditions---electricity spot prices, hy-dro-gen sell-
 []

[3
pdfTeX warning (ext4): destination with the same identifier (name{figure.1}) ha
s been already used, duplicate ignored
<argument> ...shipout:D \box_use:N \l_shipout_box 
                                                  \__shipout_drop_firstpage_...
l.337 \end{center}
                  ]
Underfull \hbox (badness 10000) in paragraph at lines 352--353
\OT1/cmr/m/n/10 from pro-duc-ers to con-nected con-sumers via
 []


Underfull \hbox (badness 10000) in paragraph at lines 361--362
[]\OT1/cmr/m/n/10 This phase reads op-er-a-tional met-rics via
 []


Underfull \hbox (badness 6825) in paragraph at lines 361--362
\OT1/cmtt/m/n/10 get[]state() \OT1/cmr/m/n/10 and writes them to pre-allocated
 []


Underfull \hbox (badness 4886) in paragraph at lines 368--369
\OT1/cmr/m/n/10 Com-mands $5$$[]$ to PEM elec-trolyzer via
 []


Underfull \hbox (badness 10000) in paragraph at lines 368--369
\OT1/cmtt/m/n/10 pem.receive[]input('power[]setpoint', 5000,
 []

LaTeX Font Info:    Trying to load font information for OMS+cmtt on input line 
373.
LaTeX Font Info:    No file OMScmtt.fd. on input line 373.

LaTeX Font Warning: Font shape `OMS/cmtt/m/n' undefined
(Font)              using `OMS/cmsy/m/n' instead
(Font)              for symbol `textbraceleft' on input line 373.


Underfull \hbox (badness 4479) in paragraph at lines 373--374
[]\OT1/cmr/m/n/10 Creates out-put \OT1/cmtt/m/n/10 Stream(mass[]flow=45.2,
 []


Underfull \hbox (badness 10000) in paragraph at lines 373--374
\OT1/cmtt/m/n/10 T=353, P=3e6, composition=\OMS/cmtt/m/n/10 f\OT1/cmtt/m/n/10 '
H2':
 []


Underfull \hbox (badness 10000) in paragraph at lines 381--382
[]\OT1/cmr/bx/n/10 Recording\OT1/cmr/m/n/10 : Dis-patch reads
 []


Underfull \hbox (badness 1546) in paragraph at lines 381--382
\OT1/cmtt/m/n/10 pem.get[]state()['actual[]power[]kw'] \OT1/cmr/m/n/10 = 4850
 []


Underfull \hbox (badness 10000) in paragraph at lines 423--424
[]\OT1/cmr/bx/n/10 External In-puts\OT1/cmr/m/n/10 : \OT1/cmtt/m/n/10 environme
nt[]manager\OT1/cmr/m/n/10 ,
 []


Underfull \hbox (badness 1092) in paragraph at lines 440--441
\OT1/cmr/m/n/10 This sec-tion for-mal-izes the math-e-mat-i-cal ab-strac-
 []

[4]
Underfull \hbox (badness 1681) in paragraph at lines 476--477
[]\OT1/cmr/m/n/10 where $^^A\OML/cmm/m/it/10 t \OT1/cmr/m/n/10 = 60 s = 1\OML/c
mm/m/it/10 =\OT1/cmr/m/n/10 60 [][]$ and $\OML/cmm/m/it/10 n$ \OT1/cmr/m/n/10 d
e-notes
 []


Underfull \hbox (badness 1939) in paragraph at lines 484--485
[]\OT1/cmr/bx/n/10 Stability\OT1/cmr/m/n/10 : The $60$$s$ timestep is well be-l
ow
 []


Package siunitx Warning: Unit macro \bar has been deprecated in this release.
(siunitx)                
(siunitx)                The BIPM have removed this unit from the SI Brochure.
(siunitx)                You should define it yourself using \DeclareSIUnit in
(siunitx)                your source. The current definition is
(siunitx)                
(siunitx)                \DeclareSIUnit\bar{bar}


Underfull \hbox (badness 10000) in paragraph at lines 543--544
 []\OT1/cmr/bx/n/10 Low-Pressure Gas Streams[] \OT1/cmr/m/n/10 For gas-phase
 []

[5]
Overfull \hbox (27.60301pt too wide) detected at line 577
[][][]\OML/cmm/m/it/10 H[] \OT1/cmr/m/n/10 = [] \OML/cmm/m/it/10 y[]H[]\OT1/cmr
/m/n/10 (\OML/cmm/m/it/10 T\OT1/cmr/m/n/10 )\OML/cmm/m/it/10 ;  S[] \OT1/cmr/m/
n/10 = [] \OML/cmm/m/it/10 y[]S[]\OT1/cmr/m/n/10 (\OML/cmm/m/it/10 T; P\OT1/cmr
/m/n/10 ) \OMS/cmtt/m/n/10 ^^@ \OML/cmm/m/it/10 R [] y[] []\OT1/cmr/m/n/10 (\OM
L/cmm/m/it/10 y[]\OT1/cmr/m/n/10 )
 []


Underfull \hbox (badness 3713) in paragraph at lines 588--589
 []\OT1/cmr/bx/n/10 Kay's Rule for Pseudo-Critical Prop-er-ties[]
 []


LaTeX Warning: Reference `eq:compressor' on page 6 undefined on input line 612.



LaTeX Warning: Reference `eq:rachford-rice' on page 6 undefined on input line 6
13.


LaTeX Warning: Reference `eq:ergun' on page 6 undefined on input line 614.


LaTeX Warning: Reference `eq:stokes' on page 6 undefined on input line 615.


LaTeX Warning: Reference `eq:tafel' on page 6 undefined on input line 616.


LaTeX Warning: Reference `tab:soec-states' on page 6 undefined on input line 61
7.


LaTeX Warning: Reference `eq:tank-dynamics' on page 6 undefined on input line 6
18.


Overfull \hbox (3.33923pt too wide) in paragraph at lines 605--621
 [][] 
 []


Overfull \hbox (11.1229pt too wide) detected at line 656
[][][]\OML/cmm/m/it/10 T[] \OT1/cmr/m/n/10 = \OML/cmm/m/it/10 T\OT1/cmr/m/n/10 
(\OML/cmm/m/it/10 P[]; H[]\OT1/cmr/m/n/10 ) [] \OML/cmm/m/it/10 H[] \OT1/cmr/m/
n/10 = \OML/cmm/m/it/10 H[] \OT1/cmr/m/n/10 + []
 []


Underfull \hbox (badness 5637) in paragraph at lines 659--660
 []\OT1/cmr/bx/n/10 Regime B: Multi-Stage In-ter-cooled[] \OT1/cmr/m/n/10 Im-pl
e-
 []

[6
pdfTeX warning (ext4): destination with the same identifier (name{table.2}) has
 been already used, duplicate ignored
<argument> ...shipout:D \box_use:N \l_shipout_box 
                                                  \__shipout_drop_firstpage_...
l.660 
      ]
Underfull \hbox (badness 1122) in paragraph at lines 687--688
 []\OT1/cmr/bx/n/10 PEM Elec-trol-y-sis (Po-lar-iza-tion Model)[] \OT1/cmr/m/n/
10 The
 []


Underfull \hbox (badness 2165) in paragraph at lines 706--707
\OT1/cmr/m/n/10 eled as a ther-mo-dy-namic state ma-chine due to
 []


Underfull \hbox (badness 2689) in paragraph at lines 706--707
\OT1/cmr/m/n/10 the dom-i-nance of ther-mal tran-sients in ce-ramic
 []


Underfull \hbox (badness 10000) in paragraph at lines 719--720
\OT1/cmr/m/n/10 Water cir-cuit com-po-nents (\OT1/cmtt/m/n/10 WaterPump\OT1/cmr
/m/n/10 ,
 []


Underfull \hbox (badness 10000) in paragraph at lines 719--720
\OT1/cmtt/m/n/10 PumpThermodynamic\OT1/cmr/m/n/10 ) model in-com-press-ible flo
w
 []


Underfull \hbox (badness 1231) in paragraph at lines 719--720
\OT1/cmr/m/n/10 dy-nam-ics. Un-like gas com-pres-sors, den-sity $\OML/cmm/m/it/
10 ^^Z$ \OT1/cmr/m/n/10 is
 []

[7]
Underfull \hbox (badness 5924) in paragraph at lines 832--833
 []\OT1/cmr/bx/n/10 Autothermal Re-form-ing (ATR) [Sur-ro-gate
 []


Underfull \hbox (badness 1577) in paragraph at lines 832--833
\OT1/cmr/bx/n/10 Model][] \OT1/cmr/m/n/10 Sim-u-lat-ing the com-plex ki-net-ics
 of Au-
 []


Underfull \hbox (badness 10000) in paragraph at lines 857--858
 []\OT1/cmr/bx/n/10 Inertial Sep-a-ra-tion (Multi-Cyclone)[] \OT1/cmr/m/n/10 Th
e
 []


Underfull \hbox (badness 10000) in paragraph at lines 857--858
\OT1/cmtt/m/n/10 HydrogenMultiCyclone \OT1/cmr/m/n/10 em-ploys the **Barth/-
 []


Underfull \hbox (badness 1701) in paragraph at lines 857--858
\OT1/cmr/m/n/10 Muschelk-nautz Model** to de-ter-mine the crit-i-cal
 []


Underfull \hbox (badness 1158) in paragraph at lines 857--858
\OT1/cmr/m/n/10 cut-size mag-ni-tude. Sep-a-ra-tion oc-curs when the
 []

[8]

LaTeX Warning: Reference `eq:ergun' on page 9 undefined on input line 910.


Underfull \hbox (badness 10000) in paragraph at lines 910--911
 []\OT1/cmr/bx/n/10 Thermal Swing Ad-sorp-tion (TSA)[] \OT1/cmr/m/n/10 For
 []


Underfull \hbox (badness 1616) in paragraph at lines 910--911
\OT1/cmr/m/n/10 temperature-driven pu-rifi-ca-tion, the \OT1/cmtt/m/n/10 TSAUni
t \OT1/cmr/m/n/10 uses
 []


Overfull \hbox (35.3065pt too wide) detected at line 914
[][][]\OML/cmm/m/it/10 Q[] \OT1/cmr/m/n/10 = [] + [] + []
 []


Underfull \hbox (badness 2005) in paragraph at lines 924--925
 []\OT1/cmr/bx/n/10 Vectorized Tank Ar-rays (Low-Fidelity)[] \OT1/cmr/m/n/10 De
-
 []


Underfull \hbox (badness 10000) in paragraph at lines 926--927
[]\OT1/cmr/m/n/10 Tanks tran-si-tion be-tween dis-crete states
 []


Underfull \hbox (badness 1490) in paragraph at lines 926--927
\OT1/cmr/m/n/10 on thresh-old logic. The global state up-date is
 []

[9]
Underfull \hbox (badness 10000) in paragraph at lines 947--948
 []\OT1/cmr/bx/n/10 Active Heat-ing (Elec-tric Boiler)[] \OT1/cmr/m/n/10 The
 []


Underfull \hbox (badness 3568) in paragraph at lines 947--948
\OT1/cmtt/m/n/10 ElectricBoiler \OT1/cmr/m/n/10 func-tions as an **Iso-baric En
-
 []


Underfull \hbox (badness 1527) in paragraph at lines 953--954
\OT1/cmr/m/n/10 the model au-to-mat-i-cally han-dles **Phase Tran-si-
 []


Overfull \hbox (59.37178pt too wide) detected at line 970
[][][]\OML/cmm/m/it/10 Q[] \OT1/cmr/m/n/10 = []
 []


Underfull \hbox (badness 10000) in paragraph at lines 979--980
 []\OT1/cmr/bx/n/10 Passive Re-cov-ery (In-ter-changer)[] \OT1/cmr/m/n/10 The
 []


Underfull \hbox (badness 4582) in paragraph at lines 979--980
\OT1/cmtt/m/n/10 Interchanger \OT1/cmr/m/n/10 is a counter-flow heat ex-changer

 []


Underfull \hbox (badness 10000) in paragraph at lines 1024--1025
 []\OT1/cmr/bx/n/10 Inventory Con-trol (Makeup Mixer)[] \OT1/cmr/m/n/10 The
 []


Underfull \hbox (badness 5667) in paragraph at lines 1024--1025
\OT1/cmtt/m/n/10 MakeupMixer \OT1/cmr/m/n/10 func-tions as an **Ac-tive Con-tro
l
 []


Underfull \hbox (badness 10000) in paragraph at lines 1039--1040
 []\OT1/cmr/bx/n/10 Closed-Loop Mass Ac-count-ing[] \OT1/cmr/m/n/10 To val-i-
 []


Underfull \hbox (badness 2495) in paragraph at lines 1039--1040
\OT1/cmr/m/n/10 date the plant's en-vi-ron-men-tal per-for-mance, the
 []


Underfull \hbox (badness 1005) in paragraph at lines 1039--1040
\OT1/cmtt/m/n/10 WaterBalanceTracker \OT1/cmr/m/n/10 and \OT1/cmtt/m/n/10 Drain
Recorder \OT1/cmr/m/n/10 com-po-
 []

[10]
Overfull \hbox (4.54169pt too wide) in paragraph at lines 1067--1075
 [][] 
 []


Underfull \hbox (badness 1163) in paragraph at lines 1093--1094
\OT1/cmr/m/n/10 The \OT1/cmtt/m/n/10 numba[]ops \OT1/cmr/m/n/10 mod-ule pro-vid
es Numba-decorated
 []


Overfull \hbox (18.75233pt too wide) in paragraph at lines 1141--1142
 [][] 
 []


Underfull \hbox (badness 10000) in paragraph at lines 1159--1159
[]\OT1/cmr/bx/n/14.4 Assumptions and Va-lid-ity
 []


LaTeX Warning: Reference `eq:shomate' on page 11 undefined on input line 1166.

[11
pdfTeX warning (ext4): destination with the same identifier (name{table.3}) has
 been already used, duplicate ignored
<argument> ...shipout:D \box_use:N \l_shipout_box 
                                                  \__shipout_drop_firstpage_...
l.1176     \item \textbf
                        {Explicit Euler}: Timestep \SI{1}{\minute} is suffic...

pdfTeX warning (ext4): destination with the same identifier (name{figure.2}) ha
s been already used, duplicate ignored
<argument> ...shipout:D \box_use:N \l_shipout_box 
                                                  \__shipout_drop_firstpage_...
l.1176     \item \textbf
                        {Explicit Euler}: Timestep \SI{1}{\minute} is suffic...
]
Overfull \hbox (0.87402pt too wide) in paragraph at lines 1212--1221
 [][] 
 []


Underfull \hbox (badness 1466) in paragraph at lines 1241--1242
[]\OT1/cmr/bx/n/10 Rigorous Gov-ern-ing Equa-tions\OT1/cmr/m/n/10 : Sho-mate
 []


Underfull \hbox (badness 2359) in paragraph at lines 1241--1242
\OT1/cmr/m/n/10 ther-mo-dy-nam-ics, Er-gun packed bed pres-sure
 []


Underfull \hbox (badness 2573) in paragraph at lines 1243--1244
[]\OT1/cmr/bx/n/10 JIT-compiled solvers \OT1/cmr/m/n/10 for flash equi-lib-rium

 []


Underfull \hbox (badness 1406) in paragraph at lines 1245--1246
[]\OT1/cmr/bx/n/10 Real-World Data In-ges-tion\OT1/cmr/m/n/10 : En-vi-ron-ment
 []


Underfull \hbox (badness 1655) in paragraph at lines 1272--1275
[]\OT1/cmr/m/n/10 Hauch, A. et al. (2020). Re-cent ad-vances in
 []


Underfull \hbox (badness 1917) in paragraph at lines 1282--1285
[]\OT1/cmr/m/n/10 Ergun, S. (1952). Fluid flow through packed
 []

[12
pdfTeX warning (ext4): destination with the same identifier (name{table.4}) has
 been already used, duplicate ignored
<argument> ...shipout:D \box_use:N \l_shipout_box 
                                                  \__shipout_drop_firstpage_...
l.1301 pem_system:
                  
pdfTeX warning (ext4): destination with the same identifier (name{table.5}) has
 been already used, duplicate ignored
<argument> ...shipout:D \box_use:N \l_shipout_box 
                                                  \__shipout_drop_firstpage_...
l.1301 pem_system:
                  ] [13

] (./scientific_paper_h2_plant.aux)

LaTeX Font Warning: Some font shapes were not available, defaults substituted.


LaTeX Warning: There were undefined references.


LaTeX Warning: Label(s) may have changed. Rerun to get cross-references right.


Package rerunfilecheck Warning: File `scientific_paper_h2_plant.out' has change
d.
(rerunfilecheck)                Rerun to get outlines right
(rerunfilecheck)                or use package `bookmark'.

Package rerunfilecheck Info: Checksums for `scientific_paper_h2_plant.out':
(rerunfilecheck)             Before: 6E346BDFD197A64C84A17C65A8ECEAF7;10727
(rerunfilecheck)             After:  8B01608ED6CF32422D4656B30A6BF64B;11028.
 ) 
Here is how much of TeX's memory you used:
 28350 strings out of 476091
 565613 string characters out of 5794081
 1998330 words of memory out of 5000000
 48042 multiletter control sequences out of 15000+600000
 523379 words of font info for 74 fonts, out of 8000000 for 9000
 1141 hyphenation exceptions out of 8191
 84i,19n,89p,543b,2610s stack positions out of 10000i,1000n,20000p,200000b,200000s
{/usr/share/texmf/fonts/enc/dvips/cm-super/cm-super-ts1.enc}</usr/share/texli
ve/texmf-dist/fonts/type1/public/amsfonts/cm/cmbx10.pfb></usr/share/texlive/tex
mf-dist/fonts/type1/public/amsfonts/cm/cmbx12.pfb></usr/share/texlive/texmf-dis
t/fonts/type1/public/amsfonts/cm/cmbx5.pfb></usr/share/texlive/texmf-dist/fonts
/type1/public/amsfonts/cm/cmbx8.pfb></usr/share/texlive/texmf-dist/fonts/type1/
public/amsfonts/cm/cmex10.pfb></usr/share/texlive/texmf-dist/fonts/type1/public
/amsfonts/cm/cmmi10.pfb></usr/share/texlive/texmf-dist/fonts/type1/public/amsfo
nts/cm/cmmi7.pfb></usr/share/texlive/texmf-dist/fonts/type1/public/amsfonts/cm/
cmr10.pfb></usr/share/texlive/texmf-dist/fonts/type1/public/amsfonts/cm/cmr12.p
fb></usr/share/texlive/texmf-dist/fonts/type1/public/amsfonts/cm/cmr5.pfb></usr
/share/texlive/texmf-dist/fonts/type1/public/amsfonts/cm/cmr7.pfb></usr/share/t
exlive/texmf-dist/fonts/type1/public/amsfonts/cm/cmr9.pfb></usr/share/texlive/t
exmf-dist/fonts/type1/public/amsfonts/cm/cmsy10.pfb></usr/share/texlive/texmf-d
ist/fonts/type1/public/amsfonts/cm/cmsy7.pfb></usr/share/texlive/texmf-dist/fon
ts/type1/public/amsfonts/cm/cmti10.pfb></usr/share/texlive/texmf-dist/fonts/typ
e1/public/amsfonts/cm/cmtt10.pfb></usr/share/texlive/texmf-dist/fonts/type1/pub
lic/amsfonts/cm/cmtt8.pfb></usr/share/texlive/texmf-dist/fonts/type1/public/ams
fonts/symbols/msam10.pfb></usr/share/texmf/fonts/type1/public/cm-super/sfrm1000
.pfb>
Output written on scientific_paper_h2_plant.pdf (13 pages, 354273 bytes).
PDF statistics:
 673 PDF objects out of 1000 (max. 8388607)
 613 compressed objects within 7 object streams
 278 named destinations out of 1000 (max. 500000)
 477 words of extra memory for PDF output out of 10000 (max. 10000000)

