\BOOKMARK [1][-]{section.1}{\376\377\000I\000n\000t\000r\000o\000d\000u\000c\000t\000i\000o\000n}{}% 1
\BOOKMARK [2][-]{subsection.1.1}{\376\377\000P\000r\000o\000b\000l\000e\000m\000\040\000D\000e\000f\000i\000n\000i\000t\000i\000o\000n}{section.1}% 2
\BOOKMARK [2][-]{subsection.1.2}{\376\377\000W\000h\000a\000t\000'\000s\000\040\000N\000e\000w\000\040\000i\000n\000\040\000V\000e\000r\000s\000i\000o\000n\000\040\0002\000.\0000}{section.1}% 3
\BOOKMARK [2][-]{subsection.1.3}{\376\377\000O\000p\000t\000i\000m\000i\000z\000a\000t\000i\000o\000n\000\040\000A\000p\000p\000r\000o\000a\000c\000h}{section.1}% 4
\BOOKMARK [1][-]{section.2}{\376\377\000S\000y\000s\000t\000e\000m\000\040\000A\000r\000c\000h\000i\000t\000e\000c\000t\000u\000r\000e}{}% 5
\BOOKMARK [2][-]{subsection.2.1}{\376\377\000D\000e\000s\000i\000g\000n\000\040\000P\000h\000i\000l\000o\000s\000o\000p\000h\000y\000:\000\040\000R\000e\000c\000o\000n\000c\000i\000l\000i\000n\000g\000\040\000P\000h\000y\000s\000i\000c\000s\000\040\000a\000n\000d\000\040\000E\000c\000o\000n\000o\000m\000i\000c\000s}{section.2}% 6
\BOOKMARK [2][-]{subsection.2.2}{\376\377\000L\000a\000y\000e\000r\000e\000d\000\040\000D\000e\000s\000i\000g\000n}{section.2}% 7
\BOOKMARK [2][-]{subsection.2.3}{\376\377\000C\000o\000m\000p\000o\000n\000e\000n\000t\000\040\000L\000i\000f\000e\000c\000y\000c\000l\000e\000\040\000C\000o\000n\000t\000r\000a\000c\000t}{section.2}% 8
\BOOKMARK [2][-]{subsection.2.4}{\376\377\000D\000a\000t\000a\000\040\000F\000l\000o\000w\000\040\000P\000a\000t\000t\000e\000r\000n\000s\000:\000\040\000T\000h\000e\000\040\000"\000P\000u\000s\000h\000-\000P\000u\000l\000l\000"\000\040\000M\000e\000c\000h\000a\000n\000i\000s\000m}{section.2}% 9
\BOOKMARK [3][-]{subsubsection.2.4.1}{\376\377\000P\000u\000s\000h\000\040\000A\000r\000c\000h\000i\000t\000e\000c\000t\000u\000r\000e\000\040\000\050\000P\000h\000y\000s\000i\000c\000s\000\040\000D\000o\000w\000n\000s\000t\000r\000e\000a\000m\000\051}{subsection.2.4}% 10
\BOOKMARK [3][-]{subsubsection.2.4.2}{\376\377\000P\000u\000l\000l\000\040\000A\000r\000c\000h\000i\000t\000e\000c\000t\000u\000r\000e\000\040\000\050\000C\000o\000n\000t\000r\000o\000l\000\040\000U\000p\000s\000t\000r\000e\000a\000m\000\051}{subsection.2.4}% 11
\BOOKMARK [2][-]{subsection.2.5}{\376\377\000C\000e\000n\000t\000r\000a\000l\000i\000z\000e\000d\000\040\000C\000o\000o\000r\000d\000i\000n\000a\000t\000i\000o\000n\000:\000\040\000T\000h\000e\000\040\000C\000o\000m\000p\000o\000n\000e\000n\000t\000\040\000R\000e\000g\000i\000s\000t\000r\000y}{section.2}% 12
\BOOKMARK [3][-]{subsubsection.2.5.1}{\376\377\000T\000h\000e\000\040\000D\000y\000n\000a\000m\000i\000c\000\040\000R\000o\000s\000t\000e\000r}{subsection.2.5}% 13
\BOOKMARK [3][-]{subsubsection.2.5.2}{\376\377\000S\000y\000n\000c\000h\000r\000o\000n\000i\000z\000e\000d\000\040\000E\000x\000e\000c\000u\000t\000i\000o\000n\000:\000\040\000T\000h\000e\000\040\000S\000i\000m\000u\000l\000a\000t\000i\000o\000n\000\040\000H\000e\000a\000r\000t\000b\000e\000a\000t}{subsection.2.5}% 14
\BOOKMARK [2][-]{subsection.2.6}{\376\377\000E\000v\000e\000n\000t\000-\000D\000r\000i\000v\000e\000n\000\040\000A\000r\000c\000h\000i\000t\000e\000c\000t\000u\000r\000e}{section.2}% 15
\BOOKMARK [2][-]{subsection.2.7}{\376\377\000E\000x\000e\000c\000u\000t\000i\000o\000n\000\040\000F\000l\000o\000w\000\040\000\046\000\040\000O\000r\000c\000h\000e\000s\000t\000r\000a\000t\000i\000o\000n}{section.2}% 16
\BOOKMARK [3][-]{subsubsection.2.7.1}{\376\377\000T\000o\000p\000o\000l\000o\000g\000i\000c\000a\000l\000\040\000P\000r\000o\000p\000a\000g\000a\000t\000i\000o\000n\000:\000\040\000T\000h\000e\000\040\000C\000a\000u\000s\000a\000l\000\040\000C\000a\000l\000c\000u\000l\000a\000t\000i\000o\000n\000\040\000C\000h\000a\000i\000n}{subsection.2.7}% 17
\BOOKMARK [3][-]{subsubsection.2.7.2}{\376\377\000C\000o\000n\000c\000r\000e\000t\000e\000\040\000E\000x\000a\000m\000p\000l\000e\000:\000\040\000W\000i\000n\000d\000\040\000t\000o\000\040\000H\000y\000d\000r\000o\000g\000e\000n}{subsection.2.7}% 18
\BOOKMARK [3][-]{subsubsection.2.7.3}{\376\377\000A\000l\000g\000o\000r\000i\000t\000h\000m\000:\000\040\000M\000a\000i\000n\000\040\000S\000i\000m\000u\000l\000a\000t\000i\000o\000n\000\040\000L\000o\000o\000p}{subsection.2.7}% 19
\BOOKMARK [3][-]{subsubsection.2.7.4}{\376\377\000C\000a\000u\000s\000a\000l\000\040\000E\000x\000e\000c\000u\000t\000i\000o\000n\000\040\000O\000r\000d\000e\000r}{subsection.2.7}% 20
\BOOKMARK [1][-]{section.3}{\376\377\000M\000a\000t\000h\000e\000m\000a\000t\000i\000c\000a\000l\000\040\000M\000o\000d\000e\000l\000i\000n\000g}{}% 21
\BOOKMARK [2][-]{subsection.3.1}{\376\377\000T\000h\000e\000r\000m\000o\000d\000y\000n\000a\000m\000i\000c\000\040\000S\000t\000a\000t\000e\000\040\000V\000e\000c\000t\000o\000r}{section.3}% 22
\BOOKMARK [2][-]{subsection.3.2}{\376\377\000T\000i\000m\000e\000\040\000D\000i\000s\000c\000r\000e\000t\000i\000z\000a\000t\000i\000o\000n}{section.3}% 23
\BOOKMARK [3][-]{subsubsection.3.2.1}{\376\377\000T\000i\000m\000e\000-\000S\000c\000a\000l\000e\000\040\000S\000e\000p\000a\000r\000a\000t\000i\000o\000n\000\040\000a\000n\000d\000\040\000N\000u\000m\000e\000r\000i\000c\000a\000l\000\040\000S\000t\000a\000b\000i\000l\000i\000t\000y}{subsection.3.2}% 24
\BOOKMARK [2][-]{subsection.3.3}{\376\377\000C\000o\000n\000s\000e\000r\000v\000a\000t\000i\000o\000n\000\040\000L\000a\000w\000s}{section.3}% 25
\BOOKMARK [3][-]{subsubsection.3.3.1}{\376\377\000M\000a\000s\000s\000\040\000B\000a\000l\000a\000n\000c\000e}{subsection.3.3}% 26
\BOOKMARK [3][-]{subsubsection.3.3.2}{\376\377\000S\000p\000e\000c\000i\000e\000s\000\040\000B\000a\000l\000a\000n\000c\000e}{subsection.3.3}% 27
\BOOKMARK [3][-]{subsubsection.3.3.3}{\376\377\000E\000n\000e\000r\000g\000y\000\040\000B\000a\000l\000a\000n\000c\000e}{subsection.3.3}% 28
\BOOKMARK [3][-]{subsubsection.3.3.4}{\376\377\000Q\000u\000a\000s\000i\000-\000S\000t\000e\000a\000d\000y\000\040\000A\000p\000p\000r\000o\000x\000i\000m\000a\000t\000i\000o\000n}{subsection.3.3}% 29
\BOOKMARK [2][-]{subsection.3.4}{\376\377\000T\000h\000e\000r\000m\000o\000d\000y\000n\000a\000m\000i\000c\000\040\000P\000r\000o\000p\000e\000r\000t\000y\000\040\000F\000r\000a\000m\000e\000w\000o\000r\000k}{section.3}% 30
\BOOKMARK [3][-]{subsubsection.3.4.1}{\376\377\000E\000q\000u\000a\000t\000i\000o\000n\000\040\000o\000f\000\040\000S\000t\000a\000t\000e}{subsection.3.4}% 31
\BOOKMARK [3][-]{subsubsection.3.4.2}{\376\377\000C\000a\000l\000o\000r\000i\000c\000\040\000P\000r\000o\000p\000e\000r\000t\000i\000e\000s}{subsection.3.4}% 32
\BOOKMARK [3][-]{subsubsection.3.4.3}{\376\377\000M\000i\000x\000i\000n\000g\000\040\000R\000u\000l\000e\000s}{subsection.3.4}% 33
\BOOKMARK [2][-]{subsection.3.5}{\376\377\000G\000o\000v\000e\000r\000n\000i\000n\000g\000\040\000P\000h\000y\000s\000i\000c\000s\000\040\000S\000u\000m\000m\000a\000r\000y}{section.3}% 34
\BOOKMARK [2][-]{subsection.3.6}{\376\377\000C\000o\000m\000p\000o\000n\000e\000n\000t\000-\000S\000p\000e\000c\000i\000f\000i\000c\000\040\000P\000h\000y\000s\000i\000c\000s}{section.3}% 35
\BOOKMARK [3][-]{subsubsection.3.6.1}{\376\377\000C\000a\000l\000o\000r\000i\000c\000\040\000P\000r\000o\000p\000e\000r\000t\000y\000\040\000I\000n\000t\000e\000g\000r\000a\000t\000i\000o\000n}{subsection.3.6}% 36
\BOOKMARK [3][-]{subsubsection.3.6.2}{\376\377\000C\000o\000m\000p\000r\000e\000s\000s\000i\000o\000n\000\040\000S\000y\000s\000t\000e\000m\000s}{subsection.3.6}% 37
\BOOKMARK [3][-]{subsubsection.3.6.3}{\376\377\000E\000l\000e\000c\000t\000r\000o\000l\000y\000s\000i\000s\000\040\000S\000y\000s\000t\000e\000m\000s}{subsection.3.6}% 38
\BOOKMARK [3][-]{subsubsection.3.6.4}{\376\377\000B\000a\000l\000a\000n\000c\000e\000\040\000o\000f\000\040\000P\000l\000a\000n\000t\000\040\000\050\000W\000a\000t\000e\000r\000\040\000S\000y\000s\000t\000e\000m\000s\000\051}{subsection.3.6}% 39
\BOOKMARK [3][-]{subsubsection.3.6.5}{\376\377\000T\000h\000e\000r\000m\000a\000l\000\040\000M\000a\000n\000a\000g\000e\000m\000e\000n\000t\000\040\000\050\000D\000r\000y\000\040\000C\000o\000o\000l\000e\000r\000s\000\051}{subsection.3.6}% 40
\BOOKMARK [3][-]{subsubsection.3.6.6}{\376\377\000F\000l\000o\000w\000\040\000C\000o\000n\000t\000r\000o\000l\000\040\000\050\000T\000h\000r\000o\000t\000t\000l\000i\000n\000g\000\040\000V\000a\000l\000v\000e\000s\000\051}{subsection.3.6}% 41
\BOOKMARK [3][-]{subsubsection.3.6.7}{\376\377\000M\000i\000x\000i\000n\000g\000\040\000a\000n\000d\000\040\000J\000u\000n\000c\000t\000i\000o\000n\000\040\000S\000y\000s\000t\000e\000m\000s}{subsection.3.6}% 42
\BOOKMARK [3][-]{subsubsection.3.6.8}{\376\377\000C\000h\000e\000m\000i\000c\000a\000l\000\040\000R\000e\000a\000c\000t\000i\000o\000n\000\040\000S\000y\000s\000t\000e\000m\000s}{subsection.3.6}% 43
\BOOKMARK [3][-]{subsubsection.3.6.9}{\376\377\000S\000e\000p\000a\000r\000a\000t\000i\000o\000n\000\040\000\046\000\040\000P\000u\000r\000i\000f\000i\000c\000a\000t\000i\000o\000n}{subsection.3.6}% 44
\BOOKMARK [3][-]{subsubsection.3.6.10}{\376\377\000S\000t\000o\000r\000a\000g\000e\000\040\000S\000y\000s\000t\000e\000m\000s}{subsection.3.6}% 45
\BOOKMARK [3][-]{subsubsection.3.6.11}{\376\377\000T\000h\000e\000r\000m\000a\000l\000\040\000M\000a\000n\000a\000g\000e\000m\000e\000n\000t\000\040\000\046\000\040\000H\000e\000a\000t\000\040\000R\000e\000c\000o\000v\000e\000r\000y}{subsection.3.6}% 46
\BOOKMARK [3][-]{subsubsection.3.6.12}{\376\377\000W\000a\000t\000e\000r\000\040\000M\000a\000n\000a\000g\000e\000m\000e\000n\000t\000\040\000\046\000\040\000B\000a\000l\000a\000n\000c\000e\000\040\000o\000f\000\040\000P\000l\000a\000n\000t\000\040\000\050\000B\000o\000P\000\051}{subsection.3.6}% 47
\BOOKMARK [1][-]{section.4}{\376\377\000C\000o\000m\000p\000u\000t\000a\000t\000i\000o\000n\000a\000l\000\040\000O\000p\000t\000i\000m\000i\000z\000a\000t\000i\000o\000n}{}% 48
\BOOKMARK [2][-]{subsection.4.1}{\376\377\000L\000o\000o\000k\000-\000U\000p\000\040\000T\000a\000b\000l\000e\000\040\000A\000r\000c\000h\000i\000t\000e\000c\000t\000u\000r\000e}{section.4}% 49
\BOOKMARK [3][-]{subsubsection.4.1.1}{\376\377\000G\000r\000i\000d\000\040\000S\000p\000e\000c\000i\000f\000i\000c\000a\000t\000i\000o\000n}{subsection.4.1}% 50
\BOOKMARK [3][-]{subsubsection.4.1.2}{\376\377\000C\000a\000c\000h\000e\000\040\000H\000i\000t\000/\000M\000i\000s\000s\000\040\000M\000e\000c\000h\000a\000n\000i\000s\000m}{subsection.4.1}% 51
\BOOKMARK [2][-]{subsection.4.2}{\376\377\000J\000I\000T\000-\000C\000o\000m\000p\000i\000l\000e\000d\000\040\000N\000u\000m\000e\000r\000i\000c\000a\000l\000\040\000K\000e\000r\000n\000e\000l\000s}{section.4}% 52
\BOOKMARK [1][-]{section.5}{\376\377\000I\000n\000t\000e\000g\000r\000a\000t\000e\000d\000\040\000C\000o\000n\000t\000r\000o\000l\000\040\000A\000r\000c\000h\000i\000t\000e\000c\000t\000u\000r\000e}{}% 53
\BOOKMARK [2][-]{subsection.5.1}{\376\377\000A\000r\000c\000h\000i\000t\000e\000c\000t\000u\000r\000e\000\040\000D\000i\000a\000g\000r\000a\000m}{section.5}% 54
\BOOKMARK [2][-]{subsection.5.2}{\376\377\000A\000r\000b\000i\000t\000r\000a\000g\000e\000\040\000D\000e\000c\000i\000s\000i\000o\000n\000\040\000L\000o\000g\000i\000c}{section.5}% 55
\BOOKMARK [1][-]{section.6}{\376\377\000A\000s\000s\000u\000m\000p\000t\000i\000o\000n\000s\000\040\000a\000n\000d\000\040\000V\000a\000l\000i\000d\000i\000t\000y\000\040\000R\000a\000n\000g\000e}{}% 56
\BOOKMARK [2][-]{subsection.6.1}{\376\377\000T\000h\000e\000r\000m\000o\000d\000y\000n\000a\000m\000i\000c\000\040\000A\000s\000s\000u\000m\000p\000t\000i\000o\000n\000s}{section.6}% 57
\BOOKMARK [2][-]{subsection.6.2}{\376\377\000N\000u\000m\000e\000r\000i\000c\000a\000l\000\040\000A\000s\000s\000u\000m\000p\000t\000i\000o\000n\000s}{section.6}% 58
\BOOKMARK [1][-]{section.7}{\376\377\000P\000e\000r\000f\000o\000r\000m\000a\000n\000c\000e\000\040\000B\000e\000n\000c\000h\000m\000a\000r\000k\000s}{}% 59
\BOOKMARK [2][-]{subsection.7.1}{\376\377\000B\000a\000s\000e\000l\000i\000n\000e\000\040\000S\000i\000m\000u\000l\000a\000t\000i\000o\000n\000\040\000P\000a\000r\000a\000m\000e\000t\000e\000r\000s}{section.7}% 60
\BOOKMARK [2][-]{subsection.7.2}{\376\377\000S\000p\000e\000e\000d\000u\000p\000\040\000S\000u\000m\000m\000a\000r\000y}{section.7}% 61
\BOOKMARK [1][-]{section.8}{\376\377\000C\000o\000n\000c\000l\000u\000s\000i\000o\000n}{}% 62
\BOOKMARK [1][-]{appendix.A}{\376\377\000S\000y\000s\000t\000e\000m\000\040\000C\000o\000n\000f\000i\000g\000u\000r\000a\000t\000i\000o\000n\000\040\000E\000x\000a\000m\000p\000l\000e}{}% 63
